[2024-11-08 07:12:34] production.ERROR: SQLSTATE[23000]: Integrity constraint violation: 1062 Duplicate entry 'superadmin@example.com' for key 'users_email_unique' (Connection: mysql, SQL: insert into `users` (`nip`, `name`, `email`, `email_verified_at`, `phone`, `gender`, `birth_date`, `birth_place`, `address`, `city`, `password`, `raw_password`, `two_factor_secret`, `two_factor_recovery_codes`, `remember_token`, `profile_photo_path`, `education_id`, `division_id`, `job_title_id`, `group`, `id`, `updated_at`, `created_at`) values (0000000000000000, Super Admin, superadmin@example.com, 2024-11-08 07:12:34, 00000000000, male, ?, ?, , , $2y$12$raS1VxvleOvvD2YqW6AYr.f0CieqQGU0JDXtigI1dYdWNzDMdDYpu, superadmin, ?, ?, rB6JK7ANN5, ?, 8, 2, 3, superadmin, 01jc4hv5v3dtam269tb5jkc4hv, 2024-11-08 07:12:34, 2024-11-08 07:12:34)) {"exception":"[object] (Illuminate\\Database\\UniqueConstraintViolationException(code: 23000): SQLSTATE[23000]: Integrity constraint violation: 1062 Duplicate entry 'superadmin@example.com' for key 'users_email_unique' (Connection: mysql, SQL: insert into `users` (`nip`, `name`, `email`, `email_verified_at`, `phone`, `gender`, `birth_date`, `birth_place`, `address`, `city`, `password`, `raw_password`, `two_factor_secret`, `two_factor_recovery_codes`, `remember_token`, `profile_photo_path`, `education_id`, `division_id`, `job_title_id`, `group`, `id`, `updated_at`, `created_at`) values (0000000000000000, Super Admin, superadmin@example.com, 2024-11-08 07:12:34, 00000000000, male, ?, ?, , , $2y$12$raS1VxvleOvvD2YqW6AYr.f0CieqQGU0JDXtigI1dYdWNzDMdDYpu, superadmin, ?, ?, rB6JK7ANN5, ?, 8, 2, 3, superadmin, 01jc4hv5v3dtam269tb5jkc4hv, 2024-11-08 07:12:34, 2024-11-08 07:12:34)) at C:\\Users\\USER\\Downloads\\Compressed\\absensi-karyawan-gps-barcode-master\\absensi-karyawan-gps-barcode-master\\vendor\\laravel\\framework\\src\\Illuminate\\Database\\Connection.php:808)
[stacktrace]
#0 C:\\Users\\USER\\Downloads\\Compressed\\absensi-karyawan-gps-barcode-master\\absensi-karyawan-gps-barcode-master\\vendor\\laravel\\framework\\src\\Illuminate\\Database\\Connection.php(767): Illuminate\\Database\\Connection->runQueryCallback('insert into `us...', Array, Object(Closure))
#1 C:\\Users\\USER\\Downloads\\Compressed\\absensi-karyawan-gps-barcode-master\\absensi-karyawan-gps-barcode-master\\vendor\\laravel\\framework\\src\\Illuminate\\Database\\Connection.php(560): Illuminate\\Database\\Connection->run('insert into `us...', Array, Object(Closure))
#2 C:\\Users\\USER\\Downloads\\Compressed\\absensi-karyawan-gps-barcode-master\\absensi-karyawan-gps-barcode-master\\vendor\\laravel\\framework\\src\\Illuminate\\Database\\Connection.php(524): Illuminate\\Database\\Connection->statement('insert into `us...', Array)
#3 C:\\Users\\USER\\Downloads\\Compressed\\absensi-karyawan-gps-barcode-master\\absensi-karyawan-gps-barcode-master\\vendor\\laravel\\framework\\src\\Illuminate\\Database\\Query\\Builder.php(3608): Illuminate\\Database\\Connection->insert('insert into `us...', Array)
#4 C:\\Users\\USER\\Downloads\\Compressed\\absensi-karyawan-gps-barcode-master\\absensi-karyawan-gps-barcode-master\\vendor\\laravel\\framework\\src\\Illuminate\\Database\\Eloquent\\Builder.php(2025): Illuminate\\Database\\Query\\Builder->insert(Array)
#5 C:\\Users\\USER\\Downloads\\Compressed\\absensi-karyawan-gps-barcode-master\\absensi-karyawan-gps-barcode-master\\vendor\\laravel\\framework\\src\\Illuminate\\Database\\Eloquent\\Model.php(1314): Illuminate\\Database\\Eloquent\\Builder->__call('insert', Array)
#6 C:\\Users\\USER\\Downloads\\Compressed\\absensi-karyawan-gps-barcode-master\\absensi-karyawan-gps-barcode-master\\vendor\\laravel\\framework\\src\\Illuminate\\Database\\Eloquent\\Model.php(1142): Illuminate\\Database\\Eloquent\\Model->performInsert(Object(Illuminate\\Database\\Eloquent\\Builder))
#7 C:\\Users\\USER\\Downloads\\Compressed\\absensi-karyawan-gps-barcode-master\\absensi-karyawan-gps-barcode-master\\vendor\\laravel\\framework\\src\\Illuminate\\Database\\Eloquent\\Factories\\Factory.php(338): Illuminate\\Database\\Eloquent\\Model->save()
#8 C:\\Users\\USER\\Downloads\\Compressed\\absensi-karyawan-gps-barcode-master\\absensi-karyawan-gps-barcode-master\\vendor\\laravel\\framework\\src\\Illuminate\\Collections\\Traits\\EnumeratesValues.php(259): Illuminate\\Database\\Eloquent\\Factories\\Factory->Illuminate\\Database\\Eloquent\\Factories\\{closure}(Object(App\\Models\\User), 0)
#9 C:\\Users\\USER\\Downloads\\Compressed\\absensi-karyawan-gps-barcode-master\\absensi-karyawan-gps-barcode-master\\vendor\\laravel\\framework\\src\\Illuminate\\Database\\Eloquent\\Factories\\Factory.php(333): Illuminate\\Support\\Collection->each(Object(Closure))
#10 C:\\Users\\USER\\Downloads\\Compressed\\absensi-karyawan-gps-barcode-master\\absensi-karyawan-gps-barcode-master\\vendor\\laravel\\framework\\src\\Illuminate\\Database\\Eloquent\\Factories\\Factory.php(287): Illuminate\\Database\\Eloquent\\Factories\\Factory->store(Object(Illuminate\\Support\\Collection))
#11 C:\\Users\\USER\\Downloads\\Compressed\\absensi-karyawan-gps-barcode-master\\absensi-karyawan-gps-barcode-master\\vendor\\laravel\\framework\\src\\Illuminate\\Database\\Eloquent\\Factories\\Factory.php(281): Illuminate\\Database\\Eloquent\\Factories\\Factory->create(Array, NULL)
#12 C:\\Users\\USER\\Downloads\\Compressed\\absensi-karyawan-gps-barcode-master\\absensi-karyawan-gps-barcode-master\\database\\seeders\\AdminSeeder.php(17): Illuminate\\Database\\Eloquent\\Factories\\Factory->create(Array)
#13 C:\\Users\\USER\\Downloads\\Compressed\\absensi-karyawan-gps-barcode-master\\absensi-karyawan-gps-barcode-master\\database\\seeders\\DatabaseSeeder.php(23): Database\\Seeders\\AdminSeeder->run()
#14 C:\\Users\\USER\\Downloads\\Compressed\\absensi-karyawan-gps-barcode-master\\absensi-karyawan-gps-barcode-master\\vendor\\laravel\\framework\\src\\Illuminate\\Container\\BoundMethod.php(36): Database\\Seeders\\DatabaseSeeder->run()
#15 C:\\Users\\USER\\Downloads\\Compressed\\absensi-karyawan-gps-barcode-master\\absensi-karyawan-gps-barcode-master\\vendor\\laravel\\framework\\src\\Illuminate\\Container\\Util.php(41): Illuminate\\Container\\BoundMethod::Illuminate\\Container\\{closure}()
#16 C:\\Users\\USER\\Downloads\\Compressed\\absensi-karyawan-gps-barcode-master\\absensi-karyawan-gps-barcode-master\\vendor\\laravel\\framework\\src\\Illuminate\\Container\\BoundMethod.php(93): Illuminate\\Container\\Util::unwrapIfClosure(Object(Closure))
#17 C:\\Users\\USER\\Downloads\\Compressed\\absensi-karyawan-gps-barcode-master\\absensi-karyawan-gps-barcode-master\\vendor\\laravel\\framework\\src\\Illuminate\\Container\\BoundMethod.php(35): Illuminate\\Container\\BoundMethod::callBoundMethod(Object(Illuminate\\Foundation\\Application), Array, Object(Closure))
#18 C:\\Users\\USER\\Downloads\\Compressed\\absensi-karyawan-gps-barcode-master\\absensi-karyawan-gps-barcode-master\\vendor\\laravel\\framework\\src\\Illuminate\\Container\\Container.php(690): Illuminate\\Container\\BoundMethod::call(Object(Illuminate\\Foundation\\Application), Array, Array, NULL)
#19 C:\\Users\\USER\\Downloads\\Compressed\\absensi-karyawan-gps-barcode-master\\absensi-karyawan-gps-barcode-master\\vendor\\laravel\\framework\\src\\Illuminate\\Database\\Seeder.php(184): Illuminate\\Container\\Container->call(Array, Array)
#20 C:\\Users\\USER\\Downloads\\Compressed\\absensi-karyawan-gps-barcode-master\\absensi-karyawan-gps-barcode-master\\vendor\\laravel\\framework\\src\\Illuminate\\Database\\Seeder.php(193): Illuminate\\Database\\Seeder->Illuminate\\Database\\{closure}()
#21 C:\\Users\\USER\\Downloads\\Compressed\\absensi-karyawan-gps-barcode-master\\absensi-karyawan-gps-barcode-master\\vendor\\laravel\\framework\\src\\Illuminate\\Database\\Console\\Seeds\\SeedCommand.php(70): Illuminate\\Database\\Seeder->__invoke()
#22 C:\\Users\\USER\\Downloads\\Compressed\\absensi-karyawan-gps-barcode-master\\absensi-karyawan-gps-barcode-master\\vendor\\laravel\\framework\\src\\Illuminate\\Database\\Eloquent\\Concerns\\GuardsAttributes.php(155): Illuminate\\Database\\Console\\Seeds\\SeedCommand->Illuminate\\Database\\Console\\Seeds\\{closure}()
#23 C:\\Users\\USER\\Downloads\\Compressed\\absensi-karyawan-gps-barcode-master\\absensi-karyawan-gps-barcode-master\\vendor\\laravel\\framework\\src\\Illuminate\\Database\\Console\\Seeds\\SeedCommand.php(69): Illuminate\\Database\\Eloquent\\Model::unguarded(Object(Closure))
#24 C:\\Users\\USER\\Downloads\\Compressed\\absensi-karyawan-gps-barcode-master\\absensi-karyawan-gps-barcode-master\\vendor\\laravel\\framework\\src\\Illuminate\\Container\\BoundMethod.php(36): Illuminate\\Database\\Console\\Seeds\\SeedCommand->handle()
#25 C:\\Users\\USER\\Downloads\\Compressed\\absensi-karyawan-gps-barcode-master\\absensi-karyawan-gps-barcode-master\\vendor\\laravel\\framework\\src\\Illuminate\\Container\\Util.php(41): Illuminate\\Container\\BoundMethod::Illuminate\\Container\\{closure}()
#26 C:\\Users\\USER\\Downloads\\Compressed\\absensi-karyawan-gps-barcode-master\\absensi-karyawan-gps-barcode-master\\vendor\\laravel\\framework\\src\\Illuminate\\Container\\BoundMethod.php(93): Illuminate\\Container\\Util::unwrapIfClosure(Object(Closure))
#27 C:\\Users\\USER\\Downloads\\Compressed\\absensi-karyawan-gps-barcode-master\\absensi-karyawan-gps-barcode-master\\vendor\\laravel\\framework\\src\\Illuminate\\Container\\BoundMethod.php(35): Illuminate\\Container\\BoundMethod::callBoundMethod(Object(Illuminate\\Foundation\\Application), Array, Object(Closure))
#28 C:\\Users\\USER\\Downloads\\Compressed\\absensi-karyawan-gps-barcode-master\\absensi-karyawan-gps-barcode-master\\vendor\\laravel\\framework\\src\\Illuminate\\Container\\Container.php(690): Illuminate\\Container\\BoundMethod::call(Object(Illuminate\\Foundation\\Application), Array, Array, NULL)
#29 C:\\Users\\USER\\Downloads\\Compressed\\absensi-karyawan-gps-barcode-master\\absensi-karyawan-gps-barcode-master\\vendor\\laravel\\framework\\src\\Illuminate\\Console\\Command.php(213): Illuminate\\Container\\Container->call(Array)
#30 C:\\Users\\USER\\Downloads\\Compressed\\absensi-karyawan-gps-barcode-master\\absensi-karyawan-gps-barcode-master\\vendor\\symfony\\console\\Command\\Command.php(279): Illuminate\\Console\\Command->execute(Object(Symfony\\Component\\Console\\Input\\ArgvInput), Object(Illuminate\\Console\\OutputStyle))
#31 C:\\Users\\USER\\Downloads\\Compressed\\absensi-karyawan-gps-barcode-master\\absensi-karyawan-gps-barcode-master\\vendor\\laravel\\framework\\src\\Illuminate\\Console\\Command.php(182): Symfony\\Component\\Console\\Command\\Command->run(Object(Symfony\\Component\\Console\\Input\\ArgvInput), Object(Illuminate\\Console\\OutputStyle))
#32 C:\\Users\\USER\\Downloads\\Compressed\\absensi-karyawan-gps-barcode-master\\absensi-karyawan-gps-barcode-master\\vendor\\symfony\\console\\Application.php(1047): Illuminate\\Console\\Command->run(Object(Symfony\\Component\\Console\\Input\\ArgvInput), Object(Symfony\\Component\\Console\\Output\\ConsoleOutput))
#33 C:\\Users\\USER\\Downloads\\Compressed\\absensi-karyawan-gps-barcode-master\\absensi-karyawan-gps-barcode-master\\vendor\\symfony\\console\\Application.php(316): Symfony\\Component\\Console\\Application->doRunCommand(Object(Illuminate\\Database\\Console\\Seeds\\SeedCommand), Object(Symfony\\Component\\Console\\Input\\ArgvInput), Object(Symfony\\Component\\Console\\Output\\ConsoleOutput))
#34 C:\\Users\\USER\\Downloads\\Compressed\\absensi-karyawan-gps-barcode-master\\absensi-karyawan-gps-barcode-master\\vendor\\symfony\\console\\Application.php(167): Symfony\\Component\\Console\\Application->doRun(Object(Symfony\\Component\\Console\\Input\\ArgvInput), Object(Symfony\\Component\\Console\\Output\\ConsoleOutput))
#35 C:\\Users\\USER\\Downloads\\Compressed\\absensi-karyawan-gps-barcode-master\\absensi-karyawan-gps-barcode-master\\vendor\\laravel\\framework\\src\\Illuminate\\Foundation\\Console\\Kernel.php(196): Symfony\\Component\\Console\\Application->run(Object(Symfony\\Component\\Console\\Input\\ArgvInput), Object(Symfony\\Component\\Console\\Output\\ConsoleOutput))
#36 C:\\Users\\USER\\Downloads\\Compressed\\absensi-karyawan-gps-barcode-master\\absensi-karyawan-gps-barcode-master\\vendor\\laravel\\framework\\src\\Illuminate\\Foundation\\Application.php(1198): Illuminate\\Foundation\\Console\\Kernel->handle(Object(Symfony\\Component\\Console\\Input\\ArgvInput), Object(Symfony\\Component\\Console\\Output\\ConsoleOutput))
#37 C:\\Users\\USER\\Downloads\\Compressed\\absensi-karyawan-gps-barcode-master\\absensi-karyawan-gps-barcode-master\\artisan(13): Illuminate\\Foundation\\Application->handleCommand(Object(Symfony\\Component\\Console\\Input\\ArgvInput))
#38 {main}

[previous exception] [object] (PDOException(code: 23000): SQLSTATE[23000]: Integrity constraint violation: 1062 Duplicate entry 'superadmin@example.com' for key 'users_email_unique' at C:\\Users\\USER\\Downloads\\Compressed\\absensi-karyawan-gps-barcode-master\\absensi-karyawan-gps-barcode-master\\vendor\\laravel\\framework\\src\\Illuminate\\Database\\Connection.php:571)
[stacktrace]
#0 C:\\Users\\USER\\Downloads\\Compressed\\absensi-karyawan-gps-barcode-master\\absensi-karyawan-gps-barcode-master\\vendor\\laravel\\framework\\src\\Illuminate\\Database\\Connection.php(571): PDOStatement->execute()
#1 C:\\Users\\USER\\Downloads\\Compressed\\absensi-karyawan-gps-barcode-master\\absensi-karyawan-gps-barcode-master\\vendor\\laravel\\framework\\src\\Illuminate\\Database\\Connection.php(800): Illuminate\\Database\\Connection->Illuminate\\Database\\{closure}('insert into `us...', Array)
#2 C:\\Users\\USER\\Downloads\\Compressed\\absensi-karyawan-gps-barcode-master\\absensi-karyawan-gps-barcode-master\\vendor\\laravel\\framework\\src\\Illuminate\\Database\\Connection.php(767): Illuminate\\Database\\Connection->runQueryCallback('insert into `us...', Array, Object(Closure))
#3 C:\\Users\\USER\\Downloads\\Compressed\\absensi-karyawan-gps-barcode-master\\absensi-karyawan-gps-barcode-master\\vendor\\laravel\\framework\\src\\Illuminate\\Database\\Connection.php(560): Illuminate\\Database\\Connection->run('insert into `us...', Array, Object(Closure))
#4 C:\\Users\\USER\\Downloads\\Compressed\\absensi-karyawan-gps-barcode-master\\absensi-karyawan-gps-barcode-master\\vendor\\laravel\\framework\\src\\Illuminate\\Database\\Connection.php(524): Illuminate\\Database\\Connection->statement('insert into `us...', Array)
#5 C:\\Users\\USER\\Downloads\\Compressed\\absensi-karyawan-gps-barcode-master\\absensi-karyawan-gps-barcode-master\\vendor\\laravel\\framework\\src\\Illuminate\\Database\\Query\\Builder.php(3608): Illuminate\\Database\\Connection->insert('insert into `us...', Array)
#6 C:\\Users\\USER\\Downloads\\Compressed\\absensi-karyawan-gps-barcode-master\\absensi-karyawan-gps-barcode-master\\vendor\\laravel\\framework\\src\\Illuminate\\Database\\Eloquent\\Builder.php(2025): Illuminate\\Database\\Query\\Builder->insert(Array)
#7 C:\\Users\\USER\\Downloads\\Compressed\\absensi-karyawan-gps-barcode-master\\absensi-karyawan-gps-barcode-master\\vendor\\laravel\\framework\\src\\Illuminate\\Database\\Eloquent\\Model.php(1314): Illuminate\\Database\\Eloquent\\Builder->__call('insert', Array)
#8 C:\\Users\\USER\\Downloads\\Compressed\\absensi-karyawan-gps-barcode-master\\absensi-karyawan-gps-barcode-master\\vendor\\laravel\\framework\\src\\Illuminate\\Database\\Eloquent\\Model.php(1142): Illuminate\\Database\\Eloquent\\Model->performInsert(Object(Illuminate\\Database\\Eloquent\\Builder))
#9 C:\\Users\\USER\\Downloads\\Compressed\\absensi-karyawan-gps-barcode-master\\absensi-karyawan-gps-barcode-master\\vendor\\laravel\\framework\\src\\Illuminate\\Database\\Eloquent\\Factories\\Factory.php(338): Illuminate\\Database\\Eloquent\\Model->save()
#10 C:\\Users\\USER\\Downloads\\Compressed\\absensi-karyawan-gps-barcode-master\\absensi-karyawan-gps-barcode-master\\vendor\\laravel\\framework\\src\\Illuminate\\Collections\\Traits\\EnumeratesValues.php(259): Illuminate\\Database\\Eloquent\\Factories\\Factory->Illuminate\\Database\\Eloquent\\Factories\\{closure}(Object(App\\Models\\User), 0)
#11 C:\\Users\\USER\\Downloads\\Compressed\\absensi-karyawan-gps-barcode-master\\absensi-karyawan-gps-barcode-master\\vendor\\laravel\\framework\\src\\Illuminate\\Database\\Eloquent\\Factories\\Factory.php(333): Illuminate\\Support\\Collection->each(Object(Closure))
#12 C:\\Users\\USER\\Downloads\\Compressed\\absensi-karyawan-gps-barcode-master\\absensi-karyawan-gps-barcode-master\\vendor\\laravel\\framework\\src\\Illuminate\\Database\\Eloquent\\Factories\\Factory.php(287): Illuminate\\Database\\Eloquent\\Factories\\Factory->store(Object(Illuminate\\Support\\Collection))
#13 C:\\Users\\USER\\Downloads\\Compressed\\absensi-karyawan-gps-barcode-master\\absensi-karyawan-gps-barcode-master\\vendor\\laravel\\framework\\src\\Illuminate\\Database\\Eloquent\\Factories\\Factory.php(281): Illuminate\\Database\\Eloquent\\Factories\\Factory->create(Array, NULL)
#14 C:\\Users\\USER\\Downloads\\Compressed\\absensi-karyawan-gps-barcode-master\\absensi-karyawan-gps-barcode-master\\database\\seeders\\AdminSeeder.php(17): Illuminate\\Database\\Eloquent\\Factories\\Factory->create(Array)
#15 C:\\Users\\USER\\Downloads\\Compressed\\absensi-karyawan-gps-barcode-master\\absensi-karyawan-gps-barcode-master\\database\\seeders\\DatabaseSeeder.php(23): Database\\Seeders\\AdminSeeder->run()
#16 C:\\Users\\USER\\Downloads\\Compressed\\absensi-karyawan-gps-barcode-master\\absensi-karyawan-gps-barcode-master\\vendor\\laravel\\framework\\src\\Illuminate\\Container\\BoundMethod.php(36): Database\\Seeders\\DatabaseSeeder->run()
#17 C:\\Users\\USER\\Downloads\\Compressed\\absensi-karyawan-gps-barcode-master\\absensi-karyawan-gps-barcode-master\\vendor\\laravel\\framework\\src\\Illuminate\\Container\\Util.php(41): Illuminate\\Container\\BoundMethod::Illuminate\\Container\\{closure}()
#18 C:\\Users\\USER\\Downloads\\Compressed\\absensi-karyawan-gps-barcode-master\\absensi-karyawan-gps-barcode-master\\vendor\\laravel\\framework\\src\\Illuminate\\Container\\BoundMethod.php(93): Illuminate\\Container\\Util::unwrapIfClosure(Object(Closure))
#19 C:\\Users\\USER\\Downloads\\Compressed\\absensi-karyawan-gps-barcode-master\\absensi-karyawan-gps-barcode-master\\vendor\\laravel\\framework\\src\\Illuminate\\Container\\BoundMethod.php(35): Illuminate\\Container\\BoundMethod::callBoundMethod(Object(Illuminate\\Foundation\\Application), Array, Object(Closure))
#20 C:\\Users\\USER\\Downloads\\Compressed\\absensi-karyawan-gps-barcode-master\\absensi-karyawan-gps-barcode-master\\vendor\\laravel\\framework\\src\\Illuminate\\Container\\Container.php(690): Illuminate\\Container\\BoundMethod::call(Object(Illuminate\\Foundation\\Application), Array, Array, NULL)
#21 C:\\Users\\USER\\Downloads\\Compressed\\absensi-karyawan-gps-barcode-master\\absensi-karyawan-gps-barcode-master\\vendor\\laravel\\framework\\src\\Illuminate\\Database\\Seeder.php(184): Illuminate\\Container\\Container->call(Array, Array)
#22 C:\\Users\\USER\\Downloads\\Compressed\\absensi-karyawan-gps-barcode-master\\absensi-karyawan-gps-barcode-master\\vendor\\laravel\\framework\\src\\Illuminate\\Database\\Seeder.php(193): Illuminate\\Database\\Seeder->Illuminate\\Database\\{closure}()
#23 C:\\Users\\USER\\Downloads\\Compressed\\absensi-karyawan-gps-barcode-master\\absensi-karyawan-gps-barcode-master\\vendor\\laravel\\framework\\src\\Illuminate\\Database\\Console\\Seeds\\SeedCommand.php(70): Illuminate\\Database\\Seeder->__invoke()
#24 C:\\Users\\USER\\Downloads\\Compressed\\absensi-karyawan-gps-barcode-master\\absensi-karyawan-gps-barcode-master\\vendor\\laravel\\framework\\src\\Illuminate\\Database\\Eloquent\\Concerns\\GuardsAttributes.php(155): Illuminate\\Database\\Console\\Seeds\\SeedCommand->Illuminate\\Database\\Console\\Seeds\\{closure}()
#25 C:\\Users\\USER\\Downloads\\Compressed\\absensi-karyawan-gps-barcode-master\\absensi-karyawan-gps-barcode-master\\vendor\\laravel\\framework\\src\\Illuminate\\Database\\Console\\Seeds\\SeedCommand.php(69): Illuminate\\Database\\Eloquent\\Model::unguarded(Object(Closure))
#26 C:\\Users\\USER\\Downloads\\Compressed\\absensi-karyawan-gps-barcode-master\\absensi-karyawan-gps-barcode-master\\vendor\\laravel\\framework\\src\\Illuminate\\Container\\BoundMethod.php(36): Illuminate\\Database\\Console\\Seeds\\SeedCommand->handle()
#27 C:\\Users\\USER\\Downloads\\Compressed\\absensi-karyawan-gps-barcode-master\\absensi-karyawan-gps-barcode-master\\vendor\\laravel\\framework\\src\\Illuminate\\Container\\Util.php(41): Illuminate\\Container\\BoundMethod::Illuminate\\Container\\{closure}()
#28 C:\\Users\\USER\\Downloads\\Compressed\\absensi-karyawan-gps-barcode-master\\absensi-karyawan-gps-barcode-master\\vendor\\laravel\\framework\\src\\Illuminate\\Container\\BoundMethod.php(93): Illuminate\\Container\\Util::unwrapIfClosure(Object(Closure))
#29 C:\\Users\\USER\\Downloads\\Compressed\\absensi-karyawan-gps-barcode-master\\absensi-karyawan-gps-barcode-master\\vendor\\laravel\\framework\\src\\Illuminate\\Container\\BoundMethod.php(35): Illuminate\\Container\\BoundMethod::callBoundMethod(Object(Illuminate\\Foundation\\Application), Array, Object(Closure))
#30 C:\\Users\\USER\\Downloads\\Compressed\\absensi-karyawan-gps-barcode-master\\absensi-karyawan-gps-barcode-master\\vendor\\laravel\\framework\\src\\Illuminate\\Container\\Container.php(690): Illuminate\\Container\\BoundMethod::call(Object(Illuminate\\Foundation\\Application), Array, Array, NULL)
#31 C:\\Users\\USER\\Downloads\\Compressed\\absensi-karyawan-gps-barcode-master\\absensi-karyawan-gps-barcode-master\\vendor\\laravel\\framework\\src\\Illuminate\\Console\\Command.php(213): Illuminate\\Container\\Container->call(Array)
#32 C:\\Users\\USER\\Downloads\\Compressed\\absensi-karyawan-gps-barcode-master\\absensi-karyawan-gps-barcode-master\\vendor\\symfony\\console\\Command\\Command.php(279): Illuminate\\Console\\Command->execute(Object(Symfony\\Component\\Console\\Input\\ArgvInput), Object(Illuminate\\Console\\OutputStyle))
#33 C:\\Users\\USER\\Downloads\\Compressed\\absensi-karyawan-gps-barcode-master\\absensi-karyawan-gps-barcode-master\\vendor\\laravel\\framework\\src\\Illuminate\\Console\\Command.php(182): Symfony\\Component\\Console\\Command\\Command->run(Object(Symfony\\Component\\Console\\Input\\ArgvInput), Object(Illuminate\\Console\\OutputStyle))
#34 C:\\Users\\USER\\Downloads\\Compressed\\absensi-karyawan-gps-barcode-master\\absensi-karyawan-gps-barcode-master\\vendor\\symfony\\console\\Application.php(1047): Illuminate\\Console\\Command->run(Object(Symfony\\Component\\Console\\Input\\ArgvInput), Object(Symfony\\Component\\Console\\Output\\ConsoleOutput))
#35 C:\\Users\\USER\\Downloads\\Compressed\\absensi-karyawan-gps-barcode-master\\absensi-karyawan-gps-barcode-master\\vendor\\symfony\\console\\Application.php(316): Symfony\\Component\\Console\\Application->doRunCommand(Object(Illuminate\\Database\\Console\\Seeds\\SeedCommand), Object(Symfony\\Component\\Console\\Input\\ArgvInput), Object(Symfony\\Component\\Console\\Output\\ConsoleOutput))
#36 C:\\Users\\USER\\Downloads\\Compressed\\absensi-karyawan-gps-barcode-master\\absensi-karyawan-gps-barcode-master\\vendor\\symfony\\console\\Application.php(167): Symfony\\Component\\Console\\Application->doRun(Object(Symfony\\Component\\Console\\Input\\ArgvInput), Object(Symfony\\Component\\Console\\Output\\ConsoleOutput))
#37 C:\\Users\\USER\\Downloads\\Compressed\\absensi-karyawan-gps-barcode-master\\absensi-karyawan-gps-barcode-master\\vendor\\laravel\\framework\\src\\Illuminate\\Foundation\\Console\\Kernel.php(196): Symfony\\Component\\Console\\Application->run(Object(Symfony\\Component\\Console\\Input\\ArgvInput), Object(Symfony\\Component\\Console\\Output\\ConsoleOutput))
#38 C:\\Users\\USER\\Downloads\\Compressed\\absensi-karyawan-gps-barcode-master\\absensi-karyawan-gps-barcode-master\\vendor\\laravel\\framework\\src\\Illuminate\\Foundation\\Application.php(1198): Illuminate\\Foundation\\Console\\Kernel->handle(Object(Symfony\\Component\\Console\\Input\\ArgvInput), Object(Symfony\\Component\\Console\\Output\\ConsoleOutput))
#39 C:\\Users\\USER\\Downloads\\Compressed\\absensi-karyawan-gps-barcode-master\\absensi-karyawan-gps-barcode-master\\artisan(13): Illuminate\\Foundation\\Application->handleCommand(Object(Symfony\\Component\\Console\\Input\\ArgvInput))
#40 {main}
"} 
[2024-11-08 07:13:59] production.ERROR: SQLSTATE[23000]: Integrity constraint violation: 1062 Duplicate entry 'superadmin@example.com' for key 'users_email_unique' (Connection: mysql, SQL: insert into `users` (`nip`, `name`, `email`, `email_verified_at`, `phone`, `gender`, `birth_date`, `birth_place`, `address`, `city`, `password`, `raw_password`, `two_factor_secret`, `two_factor_recovery_codes`, `remember_token`, `profile_photo_path`, `education_id`, `division_id`, `job_title_id`, `group`, `id`, `updated_at`, `created_at`) values (0000000000000000, Super Admin, superadmin@example.com, 2024-11-08 07:13:59, 00000000000, male, ?, ?, , , $2y$12$.ceXcEi33Ilp/imxFDofBudlN4uLmEKzE0cpJHPJCcmR6lB6fsdFm, superadmin, ?, ?, w53jXdZNsX, ?, 2, 1, 3, superadmin, 01jc4hxs2vhwq5bspk0q7b2kyn, 2024-11-08 07:13:59, 2024-11-08 07:13:59)) {"exception":"[object] (Illuminate\\Database\\UniqueConstraintViolationException(code: 23000): SQLSTATE[23000]: Integrity constraint violation: 1062 Duplicate entry 'superadmin@example.com' for key 'users_email_unique' (Connection: mysql, SQL: insert into `users` (`nip`, `name`, `email`, `email_verified_at`, `phone`, `gender`, `birth_date`, `birth_place`, `address`, `city`, `password`, `raw_password`, `two_factor_secret`, `two_factor_recovery_codes`, `remember_token`, `profile_photo_path`, `education_id`, `division_id`, `job_title_id`, `group`, `id`, `updated_at`, `created_at`) values (0000000000000000, Super Admin, superadmin@example.com, 2024-11-08 07:13:59, 00000000000, male, ?, ?, , , $2y$12$.ceXcEi33Ilp/imxFDofBudlN4uLmEKzE0cpJHPJCcmR6lB6fsdFm, superadmin, ?, ?, w53jXdZNsX, ?, 2, 1, 3, superadmin, 01jc4hxs2vhwq5bspk0q7b2kyn, 2024-11-08 07:13:59, 2024-11-08 07:13:59)) at C:\\Users\\USER\\Downloads\\Compressed\\absensi-karyawan-gps-barcode-master\\absensi-karyawan-gps-barcode-master\\vendor\\laravel\\framework\\src\\Illuminate\\Database\\Connection.php:808)
[stacktrace]
#0 C:\\Users\\USER\\Downloads\\Compressed\\absensi-karyawan-gps-barcode-master\\absensi-karyawan-gps-barcode-master\\vendor\\laravel\\framework\\src\\Illuminate\\Database\\Connection.php(767): Illuminate\\Database\\Connection->runQueryCallback('insert into `us...', Array, Object(Closure))
#1 C:\\Users\\USER\\Downloads\\Compressed\\absensi-karyawan-gps-barcode-master\\absensi-karyawan-gps-barcode-master\\vendor\\laravel\\framework\\src\\Illuminate\\Database\\Connection.php(560): Illuminate\\Database\\Connection->run('insert into `us...', Array, Object(Closure))
#2 C:\\Users\\USER\\Downloads\\Compressed\\absensi-karyawan-gps-barcode-master\\absensi-karyawan-gps-barcode-master\\vendor\\laravel\\framework\\src\\Illuminate\\Database\\Connection.php(524): Illuminate\\Database\\Connection->statement('insert into `us...', Array)
#3 C:\\Users\\USER\\Downloads\\Compressed\\absensi-karyawan-gps-barcode-master\\absensi-karyawan-gps-barcode-master\\vendor\\laravel\\framework\\src\\Illuminate\\Database\\Query\\Builder.php(3608): Illuminate\\Database\\Connection->insert('insert into `us...', Array)
#4 C:\\Users\\USER\\Downloads\\Compressed\\absensi-karyawan-gps-barcode-master\\absensi-karyawan-gps-barcode-master\\vendor\\laravel\\framework\\src\\Illuminate\\Database\\Eloquent\\Builder.php(2025): Illuminate\\Database\\Query\\Builder->insert(Array)
#5 C:\\Users\\USER\\Downloads\\Compressed\\absensi-karyawan-gps-barcode-master\\absensi-karyawan-gps-barcode-master\\vendor\\laravel\\framework\\src\\Illuminate\\Database\\Eloquent\\Model.php(1314): Illuminate\\Database\\Eloquent\\Builder->__call('insert', Array)
#6 C:\\Users\\USER\\Downloads\\Compressed\\absensi-karyawan-gps-barcode-master\\absensi-karyawan-gps-barcode-master\\vendor\\laravel\\framework\\src\\Illuminate\\Database\\Eloquent\\Model.php(1142): Illuminate\\Database\\Eloquent\\Model->performInsert(Object(Illuminate\\Database\\Eloquent\\Builder))
#7 C:\\Users\\USER\\Downloads\\Compressed\\absensi-karyawan-gps-barcode-master\\absensi-karyawan-gps-barcode-master\\vendor\\laravel\\framework\\src\\Illuminate\\Database\\Eloquent\\Factories\\Factory.php(338): Illuminate\\Database\\Eloquent\\Model->save()
#8 C:\\Users\\USER\\Downloads\\Compressed\\absensi-karyawan-gps-barcode-master\\absensi-karyawan-gps-barcode-master\\vendor\\laravel\\framework\\src\\Illuminate\\Collections\\Traits\\EnumeratesValues.php(259): Illuminate\\Database\\Eloquent\\Factories\\Factory->Illuminate\\Database\\Eloquent\\Factories\\{closure}(Object(App\\Models\\User), 0)
#9 C:\\Users\\USER\\Downloads\\Compressed\\absensi-karyawan-gps-barcode-master\\absensi-karyawan-gps-barcode-master\\vendor\\laravel\\framework\\src\\Illuminate\\Database\\Eloquent\\Factories\\Factory.php(333): Illuminate\\Support\\Collection->each(Object(Closure))
#10 C:\\Users\\USER\\Downloads\\Compressed\\absensi-karyawan-gps-barcode-master\\absensi-karyawan-gps-barcode-master\\vendor\\laravel\\framework\\src\\Illuminate\\Database\\Eloquent\\Factories\\Factory.php(287): Illuminate\\Database\\Eloquent\\Factories\\Factory->store(Object(Illuminate\\Support\\Collection))
#11 C:\\Users\\USER\\Downloads\\Compressed\\absensi-karyawan-gps-barcode-master\\absensi-karyawan-gps-barcode-master\\vendor\\laravel\\framework\\src\\Illuminate\\Database\\Eloquent\\Factories\\Factory.php(281): Illuminate\\Database\\Eloquent\\Factories\\Factory->create(Array, NULL)
#12 C:\\Users\\USER\\Downloads\\Compressed\\absensi-karyawan-gps-barcode-master\\absensi-karyawan-gps-barcode-master\\database\\seeders\\AdminSeeder.php(17): Illuminate\\Database\\Eloquent\\Factories\\Factory->create(Array)
#13 C:\\Users\\USER\\Downloads\\Compressed\\absensi-karyawan-gps-barcode-master\\absensi-karyawan-gps-barcode-master\\database\\seeders\\DatabaseSeeder.php(23): Database\\Seeders\\AdminSeeder->run()
#14 C:\\Users\\USER\\Downloads\\Compressed\\absensi-karyawan-gps-barcode-master\\absensi-karyawan-gps-barcode-master\\database\\seeders\\FakeDataSeeder.php(16): Database\\Seeders\\DatabaseSeeder->run()
#15 C:\\Users\\USER\\Downloads\\Compressed\\absensi-karyawan-gps-barcode-master\\absensi-karyawan-gps-barcode-master\\vendor\\laravel\\framework\\src\\Illuminate\\Container\\BoundMethod.php(36): Database\\Seeders\\FakeDataSeeder->run()
#16 C:\\Users\\USER\\Downloads\\Compressed\\absensi-karyawan-gps-barcode-master\\absensi-karyawan-gps-barcode-master\\vendor\\laravel\\framework\\src\\Illuminate\\Container\\Util.php(41): Illuminate\\Container\\BoundMethod::Illuminate\\Container\\{closure}()
#17 C:\\Users\\USER\\Downloads\\Compressed\\absensi-karyawan-gps-barcode-master\\absensi-karyawan-gps-barcode-master\\vendor\\laravel\\framework\\src\\Illuminate\\Container\\BoundMethod.php(93): Illuminate\\Container\\Util::unwrapIfClosure(Object(Closure))
#18 C:\\Users\\USER\\Downloads\\Compressed\\absensi-karyawan-gps-barcode-master\\absensi-karyawan-gps-barcode-master\\vendor\\laravel\\framework\\src\\Illuminate\\Container\\BoundMethod.php(35): Illuminate\\Container\\BoundMethod::callBoundMethod(Object(Illuminate\\Foundation\\Application), Array, Object(Closure))
#19 C:\\Users\\USER\\Downloads\\Compressed\\absensi-karyawan-gps-barcode-master\\absensi-karyawan-gps-barcode-master\\vendor\\laravel\\framework\\src\\Illuminate\\Container\\Container.php(690): Illuminate\\Container\\BoundMethod::call(Object(Illuminate\\Foundation\\Application), Array, Array, NULL)
#20 C:\\Users\\USER\\Downloads\\Compressed\\absensi-karyawan-gps-barcode-master\\absensi-karyawan-gps-barcode-master\\vendor\\laravel\\framework\\src\\Illuminate\\Database\\Seeder.php(184): Illuminate\\Container\\Container->call(Array, Array)
#21 C:\\Users\\USER\\Downloads\\Compressed\\absensi-karyawan-gps-barcode-master\\absensi-karyawan-gps-barcode-master\\vendor\\laravel\\framework\\src\\Illuminate\\Database\\Seeder.php(193): Illuminate\\Database\\Seeder->Illuminate\\Database\\{closure}()
#22 C:\\Users\\USER\\Downloads\\Compressed\\absensi-karyawan-gps-barcode-master\\absensi-karyawan-gps-barcode-master\\vendor\\laravel\\framework\\src\\Illuminate\\Database\\Console\\Seeds\\SeedCommand.php(70): Illuminate\\Database\\Seeder->__invoke()
#23 C:\\Users\\USER\\Downloads\\Compressed\\absensi-karyawan-gps-barcode-master\\absensi-karyawan-gps-barcode-master\\vendor\\laravel\\framework\\src\\Illuminate\\Database\\Eloquent\\Concerns\\GuardsAttributes.php(155): Illuminate\\Database\\Console\\Seeds\\SeedCommand->Illuminate\\Database\\Console\\Seeds\\{closure}()
#24 C:\\Users\\USER\\Downloads\\Compressed\\absensi-karyawan-gps-barcode-master\\absensi-karyawan-gps-barcode-master\\vendor\\laravel\\framework\\src\\Illuminate\\Database\\Console\\Seeds\\SeedCommand.php(69): Illuminate\\Database\\Eloquent\\Model::unguarded(Object(Closure))
#25 C:\\Users\\USER\\Downloads\\Compressed\\absensi-karyawan-gps-barcode-master\\absensi-karyawan-gps-barcode-master\\vendor\\laravel\\framework\\src\\Illuminate\\Container\\BoundMethod.php(36): Illuminate\\Database\\Console\\Seeds\\SeedCommand->handle()
#26 C:\\Users\\USER\\Downloads\\Compressed\\absensi-karyawan-gps-barcode-master\\absensi-karyawan-gps-barcode-master\\vendor\\laravel\\framework\\src\\Illuminate\\Container\\Util.php(41): Illuminate\\Container\\BoundMethod::Illuminate\\Container\\{closure}()
#27 C:\\Users\\USER\\Downloads\\Compressed\\absensi-karyawan-gps-barcode-master\\absensi-karyawan-gps-barcode-master\\vendor\\laravel\\framework\\src\\Illuminate\\Container\\BoundMethod.php(93): Illuminate\\Container\\Util::unwrapIfClosure(Object(Closure))
#28 C:\\Users\\USER\\Downloads\\Compressed\\absensi-karyawan-gps-barcode-master\\absensi-karyawan-gps-barcode-master\\vendor\\laravel\\framework\\src\\Illuminate\\Container\\BoundMethod.php(35): Illuminate\\Container\\BoundMethod::callBoundMethod(Object(Illuminate\\Foundation\\Application), Array, Object(Closure))
#29 C:\\Users\\USER\\Downloads\\Compressed\\absensi-karyawan-gps-barcode-master\\absensi-karyawan-gps-barcode-master\\vendor\\laravel\\framework\\src\\Illuminate\\Container\\Container.php(690): Illuminate\\Container\\BoundMethod::call(Object(Illuminate\\Foundation\\Application), Array, Array, NULL)
#30 C:\\Users\\USER\\Downloads\\Compressed\\absensi-karyawan-gps-barcode-master\\absensi-karyawan-gps-barcode-master\\vendor\\laravel\\framework\\src\\Illuminate\\Console\\Command.php(213): Illuminate\\Container\\Container->call(Array)
#31 C:\\Users\\USER\\Downloads\\Compressed\\absensi-karyawan-gps-barcode-master\\absensi-karyawan-gps-barcode-master\\vendor\\symfony\\console\\Command\\Command.php(279): Illuminate\\Console\\Command->execute(Object(Symfony\\Component\\Console\\Input\\ArgvInput), Object(Illuminate\\Console\\OutputStyle))
#32 C:\\Users\\USER\\Downloads\\Compressed\\absensi-karyawan-gps-barcode-master\\absensi-karyawan-gps-barcode-master\\vendor\\laravel\\framework\\src\\Illuminate\\Console\\Command.php(182): Symfony\\Component\\Console\\Command\\Command->run(Object(Symfony\\Component\\Console\\Input\\ArgvInput), Object(Illuminate\\Console\\OutputStyle))
#33 C:\\Users\\USER\\Downloads\\Compressed\\absensi-karyawan-gps-barcode-master\\absensi-karyawan-gps-barcode-master\\vendor\\symfony\\console\\Application.php(1047): Illuminate\\Console\\Command->run(Object(Symfony\\Component\\Console\\Input\\ArgvInput), Object(Symfony\\Component\\Console\\Output\\ConsoleOutput))
#34 C:\\Users\\USER\\Downloads\\Compressed\\absensi-karyawan-gps-barcode-master\\absensi-karyawan-gps-barcode-master\\vendor\\symfony\\console\\Application.php(316): Symfony\\Component\\Console\\Application->doRunCommand(Object(Illuminate\\Database\\Console\\Seeds\\SeedCommand), Object(Symfony\\Component\\Console\\Input\\ArgvInput), Object(Symfony\\Component\\Console\\Output\\ConsoleOutput))
#35 C:\\Users\\USER\\Downloads\\Compressed\\absensi-karyawan-gps-barcode-master\\absensi-karyawan-gps-barcode-master\\vendor\\symfony\\console\\Application.php(167): Symfony\\Component\\Console\\Application->doRun(Object(Symfony\\Component\\Console\\Input\\ArgvInput), Object(Symfony\\Component\\Console\\Output\\ConsoleOutput))
#36 C:\\Users\\USER\\Downloads\\Compressed\\absensi-karyawan-gps-barcode-master\\absensi-karyawan-gps-barcode-master\\vendor\\laravel\\framework\\src\\Illuminate\\Foundation\\Console\\Kernel.php(196): Symfony\\Component\\Console\\Application->run(Object(Symfony\\Component\\Console\\Input\\ArgvInput), Object(Symfony\\Component\\Console\\Output\\ConsoleOutput))
#37 C:\\Users\\USER\\Downloads\\Compressed\\absensi-karyawan-gps-barcode-master\\absensi-karyawan-gps-barcode-master\\vendor\\laravel\\framework\\src\\Illuminate\\Foundation\\Application.php(1198): Illuminate\\Foundation\\Console\\Kernel->handle(Object(Symfony\\Component\\Console\\Input\\ArgvInput), Object(Symfony\\Component\\Console\\Output\\ConsoleOutput))
#38 C:\\Users\\USER\\Downloads\\Compressed\\absensi-karyawan-gps-barcode-master\\absensi-karyawan-gps-barcode-master\\artisan(13): Illuminate\\Foundation\\Application->handleCommand(Object(Symfony\\Component\\Console\\Input\\ArgvInput))
#39 {main}

[previous exception] [object] (PDOException(code: 23000): SQLSTATE[23000]: Integrity constraint violation: 1062 Duplicate entry 'superadmin@example.com' for key 'users_email_unique' at C:\\Users\\USER\\Downloads\\Compressed\\absensi-karyawan-gps-barcode-master\\absensi-karyawan-gps-barcode-master\\vendor\\laravel\\framework\\src\\Illuminate\\Database\\Connection.php:571)
[stacktrace]
#0 C:\\Users\\USER\\Downloads\\Compressed\\absensi-karyawan-gps-barcode-master\\absensi-karyawan-gps-barcode-master\\vendor\\laravel\\framework\\src\\Illuminate\\Database\\Connection.php(571): PDOStatement->execute()
#1 C:\\Users\\USER\\Downloads\\Compressed\\absensi-karyawan-gps-barcode-master\\absensi-karyawan-gps-barcode-master\\vendor\\laravel\\framework\\src\\Illuminate\\Database\\Connection.php(800): Illuminate\\Database\\Connection->Illuminate\\Database\\{closure}('insert into `us...', Array)
#2 C:\\Users\\USER\\Downloads\\Compressed\\absensi-karyawan-gps-barcode-master\\absensi-karyawan-gps-barcode-master\\vendor\\laravel\\framework\\src\\Illuminate\\Database\\Connection.php(767): Illuminate\\Database\\Connection->runQueryCallback('insert into `us...', Array, Object(Closure))
#3 C:\\Users\\USER\\Downloads\\Compressed\\absensi-karyawan-gps-barcode-master\\absensi-karyawan-gps-barcode-master\\vendor\\laravel\\framework\\src\\Illuminate\\Database\\Connection.php(560): Illuminate\\Database\\Connection->run('insert into `us...', Array, Object(Closure))
#4 C:\\Users\\USER\\Downloads\\Compressed\\absensi-karyawan-gps-barcode-master\\absensi-karyawan-gps-barcode-master\\vendor\\laravel\\framework\\src\\Illuminate\\Database\\Connection.php(524): Illuminate\\Database\\Connection->statement('insert into `us...', Array)
#5 C:\\Users\\USER\\Downloads\\Compressed\\absensi-karyawan-gps-barcode-master\\absensi-karyawan-gps-barcode-master\\vendor\\laravel\\framework\\src\\Illuminate\\Database\\Query\\Builder.php(3608): Illuminate\\Database\\Connection->insert('insert into `us...', Array)
#6 C:\\Users\\USER\\Downloads\\Compressed\\absensi-karyawan-gps-barcode-master\\absensi-karyawan-gps-barcode-master\\vendor\\laravel\\framework\\src\\Illuminate\\Database\\Eloquent\\Builder.php(2025): Illuminate\\Database\\Query\\Builder->insert(Array)
#7 C:\\Users\\USER\\Downloads\\Compressed\\absensi-karyawan-gps-barcode-master\\absensi-karyawan-gps-barcode-master\\vendor\\laravel\\framework\\src\\Illuminate\\Database\\Eloquent\\Model.php(1314): Illuminate\\Database\\Eloquent\\Builder->__call('insert', Array)
#8 C:\\Users\\USER\\Downloads\\Compressed\\absensi-karyawan-gps-barcode-master\\absensi-karyawan-gps-barcode-master\\vendor\\laravel\\framework\\src\\Illuminate\\Database\\Eloquent\\Model.php(1142): Illuminate\\Database\\Eloquent\\Model->performInsert(Object(Illuminate\\Database\\Eloquent\\Builder))
#9 C:\\Users\\USER\\Downloads\\Compressed\\absensi-karyawan-gps-barcode-master\\absensi-karyawan-gps-barcode-master\\vendor\\laravel\\framework\\src\\Illuminate\\Database\\Eloquent\\Factories\\Factory.php(338): Illuminate\\Database\\Eloquent\\Model->save()
#10 C:\\Users\\USER\\Downloads\\Compressed\\absensi-karyawan-gps-barcode-master\\absensi-karyawan-gps-barcode-master\\vendor\\laravel\\framework\\src\\Illuminate\\Collections\\Traits\\EnumeratesValues.php(259): Illuminate\\Database\\Eloquent\\Factories\\Factory->Illuminate\\Database\\Eloquent\\Factories\\{closure}(Object(App\\Models\\User), 0)
#11 C:\\Users\\USER\\Downloads\\Compressed\\absensi-karyawan-gps-barcode-master\\absensi-karyawan-gps-barcode-master\\vendor\\laravel\\framework\\src\\Illuminate\\Database\\Eloquent\\Factories\\Factory.php(333): Illuminate\\Support\\Collection->each(Object(Closure))
#12 C:\\Users\\USER\\Downloads\\Compressed\\absensi-karyawan-gps-barcode-master\\absensi-karyawan-gps-barcode-master\\vendor\\laravel\\framework\\src\\Illuminate\\Database\\Eloquent\\Factories\\Factory.php(287): Illuminate\\Database\\Eloquent\\Factories\\Factory->store(Object(Illuminate\\Support\\Collection))
#13 C:\\Users\\USER\\Downloads\\Compressed\\absensi-karyawan-gps-barcode-master\\absensi-karyawan-gps-barcode-master\\vendor\\laravel\\framework\\src\\Illuminate\\Database\\Eloquent\\Factories\\Factory.php(281): Illuminate\\Database\\Eloquent\\Factories\\Factory->create(Array, NULL)
#14 C:\\Users\\USER\\Downloads\\Compressed\\absensi-karyawan-gps-barcode-master\\absensi-karyawan-gps-barcode-master\\database\\seeders\\AdminSeeder.php(17): Illuminate\\Database\\Eloquent\\Factories\\Factory->create(Array)
#15 C:\\Users\\USER\\Downloads\\Compressed\\absensi-karyawan-gps-barcode-master\\absensi-karyawan-gps-barcode-master\\database\\seeders\\DatabaseSeeder.php(23): Database\\Seeders\\AdminSeeder->run()
#16 C:\\Users\\USER\\Downloads\\Compressed\\absensi-karyawan-gps-barcode-master\\absensi-karyawan-gps-barcode-master\\database\\seeders\\FakeDataSeeder.php(16): Database\\Seeders\\DatabaseSeeder->run()
#17 C:\\Users\\USER\\Downloads\\Compressed\\absensi-karyawan-gps-barcode-master\\absensi-karyawan-gps-barcode-master\\vendor\\laravel\\framework\\src\\Illuminate\\Container\\BoundMethod.php(36): Database\\Seeders\\FakeDataSeeder->run()
#18 C:\\Users\\USER\\Downloads\\Compressed\\absensi-karyawan-gps-barcode-master\\absensi-karyawan-gps-barcode-master\\vendor\\laravel\\framework\\src\\Illuminate\\Container\\Util.php(41): Illuminate\\Container\\BoundMethod::Illuminate\\Container\\{closure}()
#19 C:\\Users\\USER\\Downloads\\Compressed\\absensi-karyawan-gps-barcode-master\\absensi-karyawan-gps-barcode-master\\vendor\\laravel\\framework\\src\\Illuminate\\Container\\BoundMethod.php(93): Illuminate\\Container\\Util::unwrapIfClosure(Object(Closure))
#20 C:\\Users\\USER\\Downloads\\Compressed\\absensi-karyawan-gps-barcode-master\\absensi-karyawan-gps-barcode-master\\vendor\\laravel\\framework\\src\\Illuminate\\Container\\BoundMethod.php(35): Illuminate\\Container\\BoundMethod::callBoundMethod(Object(Illuminate\\Foundation\\Application), Array, Object(Closure))
#21 C:\\Users\\USER\\Downloads\\Compressed\\absensi-karyawan-gps-barcode-master\\absensi-karyawan-gps-barcode-master\\vendor\\laravel\\framework\\src\\Illuminate\\Container\\Container.php(690): Illuminate\\Container\\BoundMethod::call(Object(Illuminate\\Foundation\\Application), Array, Array, NULL)
#22 C:\\Users\\USER\\Downloads\\Compressed\\absensi-karyawan-gps-barcode-master\\absensi-karyawan-gps-barcode-master\\vendor\\laravel\\framework\\src\\Illuminate\\Database\\Seeder.php(184): Illuminate\\Container\\Container->call(Array, Array)
#23 C:\\Users\\USER\\Downloads\\Compressed\\absensi-karyawan-gps-barcode-master\\absensi-karyawan-gps-barcode-master\\vendor\\laravel\\framework\\src\\Illuminate\\Database\\Seeder.php(193): Illuminate\\Database\\Seeder->Illuminate\\Database\\{closure}()
#24 C:\\Users\\USER\\Downloads\\Compressed\\absensi-karyawan-gps-barcode-master\\absensi-karyawan-gps-barcode-master\\vendor\\laravel\\framework\\src\\Illuminate\\Database\\Console\\Seeds\\SeedCommand.php(70): Illuminate\\Database\\Seeder->__invoke()
#25 C:\\Users\\USER\\Downloads\\Compressed\\absensi-karyawan-gps-barcode-master\\absensi-karyawan-gps-barcode-master\\vendor\\laravel\\framework\\src\\Illuminate\\Database\\Eloquent\\Concerns\\GuardsAttributes.php(155): Illuminate\\Database\\Console\\Seeds\\SeedCommand->Illuminate\\Database\\Console\\Seeds\\{closure}()
#26 C:\\Users\\USER\\Downloads\\Compressed\\absensi-karyawan-gps-barcode-master\\absensi-karyawan-gps-barcode-master\\vendor\\laravel\\framework\\src\\Illuminate\\Database\\Console\\Seeds\\SeedCommand.php(69): Illuminate\\Database\\Eloquent\\Model::unguarded(Object(Closure))
#27 C:\\Users\\USER\\Downloads\\Compressed\\absensi-karyawan-gps-barcode-master\\absensi-karyawan-gps-barcode-master\\vendor\\laravel\\framework\\src\\Illuminate\\Container\\BoundMethod.php(36): Illuminate\\Database\\Console\\Seeds\\SeedCommand->handle()
#28 C:\\Users\\USER\\Downloads\\Compressed\\absensi-karyawan-gps-barcode-master\\absensi-karyawan-gps-barcode-master\\vendor\\laravel\\framework\\src\\Illuminate\\Container\\Util.php(41): Illuminate\\Container\\BoundMethod::Illuminate\\Container\\{closure}()
#29 C:\\Users\\USER\\Downloads\\Compressed\\absensi-karyawan-gps-barcode-master\\absensi-karyawan-gps-barcode-master\\vendor\\laravel\\framework\\src\\Illuminate\\Container\\BoundMethod.php(93): Illuminate\\Container\\Util::unwrapIfClosure(Object(Closure))
#30 C:\\Users\\USER\\Downloads\\Compressed\\absensi-karyawan-gps-barcode-master\\absensi-karyawan-gps-barcode-master\\vendor\\laravel\\framework\\src\\Illuminate\\Container\\BoundMethod.php(35): Illuminate\\Container\\BoundMethod::callBoundMethod(Object(Illuminate\\Foundation\\Application), Array, Object(Closure))
#31 C:\\Users\\USER\\Downloads\\Compressed\\absensi-karyawan-gps-barcode-master\\absensi-karyawan-gps-barcode-master\\vendor\\laravel\\framework\\src\\Illuminate\\Container\\Container.php(690): Illuminate\\Container\\BoundMethod::call(Object(Illuminate\\Foundation\\Application), Array, Array, NULL)
#32 C:\\Users\\USER\\Downloads\\Compressed\\absensi-karyawan-gps-barcode-master\\absensi-karyawan-gps-barcode-master\\vendor\\laravel\\framework\\src\\Illuminate\\Console\\Command.php(213): Illuminate\\Container\\Container->call(Array)
#33 C:\\Users\\USER\\Downloads\\Compressed\\absensi-karyawan-gps-barcode-master\\absensi-karyawan-gps-barcode-master\\vendor\\symfony\\console\\Command\\Command.php(279): Illuminate\\Console\\Command->execute(Object(Symfony\\Component\\Console\\Input\\ArgvInput), Object(Illuminate\\Console\\OutputStyle))
#34 C:\\Users\\USER\\Downloads\\Compressed\\absensi-karyawan-gps-barcode-master\\absensi-karyawan-gps-barcode-master\\vendor\\laravel\\framework\\src\\Illuminate\\Console\\Command.php(182): Symfony\\Component\\Console\\Command\\Command->run(Object(Symfony\\Component\\Console\\Input\\ArgvInput), Object(Illuminate\\Console\\OutputStyle))
#35 C:\\Users\\USER\\Downloads\\Compressed\\absensi-karyawan-gps-barcode-master\\absensi-karyawan-gps-barcode-master\\vendor\\symfony\\console\\Application.php(1047): Illuminate\\Console\\Command->run(Object(Symfony\\Component\\Console\\Input\\ArgvInput), Object(Symfony\\Component\\Console\\Output\\ConsoleOutput))
#36 C:\\Users\\USER\\Downloads\\Compressed\\absensi-karyawan-gps-barcode-master\\absensi-karyawan-gps-barcode-master\\vendor\\symfony\\console\\Application.php(316): Symfony\\Component\\Console\\Application->doRunCommand(Object(Illuminate\\Database\\Console\\Seeds\\SeedCommand), Object(Symfony\\Component\\Console\\Input\\ArgvInput), Object(Symfony\\Component\\Console\\Output\\ConsoleOutput))
#37 C:\\Users\\USER\\Downloads\\Compressed\\absensi-karyawan-gps-barcode-master\\absensi-karyawan-gps-barcode-master\\vendor\\symfony\\console\\Application.php(167): Symfony\\Component\\Console\\Application->doRun(Object(Symfony\\Component\\Console\\Input\\ArgvInput), Object(Symfony\\Component\\Console\\Output\\ConsoleOutput))
#38 C:\\Users\\USER\\Downloads\\Compressed\\absensi-karyawan-gps-barcode-master\\absensi-karyawan-gps-barcode-master\\vendor\\laravel\\framework\\src\\Illuminate\\Foundation\\Console\\Kernel.php(196): Symfony\\Component\\Console\\Application->run(Object(Symfony\\Component\\Console\\Input\\ArgvInput), Object(Symfony\\Component\\Console\\Output\\ConsoleOutput))
#39 C:\\Users\\USER\\Downloads\\Compressed\\absensi-karyawan-gps-barcode-master\\absensi-karyawan-gps-barcode-master\\vendor\\laravel\\framework\\src\\Illuminate\\Foundation\\Application.php(1198): Illuminate\\Foundation\\Console\\Kernel->handle(Object(Symfony\\Component\\Console\\Input\\ArgvInput), Object(Symfony\\Component\\Console\\Output\\ConsoleOutput))
#40 C:\\Users\\USER\\Downloads\\Compressed\\absensi-karyawan-gps-barcode-master\\absensi-karyawan-gps-barcode-master\\artisan(13): Illuminate\\Foundation\\Application->handleCommand(Object(Symfony\\Component\\Console\\Input\\ArgvInput))
#41 {main}
"} 
